<?xml version="1.0" encoding="UTF-8"?>
<!-- Generated by org.testng.reporters.JUnitXMLReporter -->
<testsuite hostname="DESKTOP-H9BS9M0" name="Default test" tests="6" failures="0" timestamp="12 Sep 2020 02:22:21 GMT" time="99.05" errors="0">
  <testcase name="TC_01_LoginWithEmptyEmailandPassword" time="15.187" classname="Xpath.Topic_03_Xpath"/>
  <testcase name="TC_02_LoginwithInvalidPassword" time="11.013" classname="Xpath.Topic_03_Xpath"/>
  <testcase name="TC_03_LogwithInvalidEmail" time="10.269" classname="Xpath.Topic_03_Xpath"/>
  <testcase name="TC_04_loginwithIncorrectEmail_Password" time="14.0" classname="Xpath.Topic_03_Xpath"/>
  <testcase name="TC_05_loginwithCorrectEmail_Password" time="17.881" classname="Xpath.Topic_03_Xpath"/>
  <testcase name="TC_06_Register_To_System" time="18.578" classname="Xpath.Topic_03_Xpath"/>
</testsuite> <!-- Default test -->
