<?xml version="1.0" encoding="UTF-8"?>
<testng-results skipped="0" failed="0" ignored="0" total="1" passed="1">
  <reporter-output>
  </reporter-output>
  <suite name="Default suite" duration-ms="35036" started-at="2020-09-24T07:17:54Z" finished-at="2020-09-24T07:18:29Z">
    <groups>
    </groups>
    <test name="Default test" duration-ms="35036" started-at="2020-09-24T07:17:54Z" finished-at="2020-09-24T07:18:29Z">
      <class name="selenium.Topic_13_Uploadfile">
        <test-method status="PASS" signature="TC_2_Chrome_Gofile()[pri:0, instance:selenium.Topic_13_Uploadfile@1810399e]" name="TC_2_Chrome_Gofile" duration-ms="34981" started-at="2020-09-24T07:17:54Z" finished-at="2020-09-24T07:18:29Z">
          <reporter-output>
          </reporter-output>
        </test-method> <!-- TC_2_Chrome_Gofile -->
        <test-method status="PASS" signature="afterClass()[pri:0, instance:selenium.Topic_13_Uploadfile@1810399e]" name="afterClass" is-config="true" duration-ms="1" started-at="2020-09-24T07:18:29Z" finished-at="2020-09-24T07:18:29Z">
          <reporter-output>
          </reporter-output>
        </test-method> <!-- afterClass -->
      </class> <!-- selenium.Topic_13_Uploadfile -->
    </test> <!-- Default test -->
  </suite> <!-- Default suite -->
</testng-results>
